<?xml version="1.0" encoding="utf-8"?><testsuites><testsuite name="pytest" errors="0" failures="0" skipped="0" tests="39" time="1.034" timestamp="2023-02-27T11:25:37.717290" hostname="BDUWLP771"><testcase classname="tests.test_correcting_ratings" name="test_correct_rating" time="0.002" /><testcase classname="tests.test_movie_validation" name="test_validate_movie_params_success" time="0.001" /><testcase classname="tests.test_movie_validation" name="test_validate_movie_params_missing_params" time="0.001" /><testcase classname="tests.test_movie_validation" name="test_validate_movie_params_more_params" time="0.001" /><testcase classname="tests.test_movies_to_df" name="test_df_from_movie_info_with_valid_data" time="0.002" /><testcase classname="tests.test_movies_to_df" name="test_df_from_movie_info_with_mismatched_data_type" time="0.002" /><testcase classname="tests.test_oscar_modifier" name="test_bin_oscars[-1-ValueError]" time="0.001" /><testcase classname="tests.test_oscar_modifier" name="test_bin_oscars[2.5-TypeError]" time="0.001" /><testcase classname="tests.test_oscar_modifier" name="test_bin_oscars[five-TypeError]" time="0.001" /><testcase classname="tests.test_oscar_modifier" name="test_bin_oscars[0-0]" time="0.001" /><testcase classname="tests.test_oscar_modifier" name="test_bin_oscars[1-0.3]" time="0.001" /><testcase classname="tests.test_oscar_modifier" name="test_bin_oscars[2-0.3]" time="0.001" /><testcase classname="tests.test_oscar_modifier" name="test_bin_oscars[3-0.5]" time="0.001" /><testcase classname="tests.test_oscar_modifier" name="test_bin_oscars[4-0.5]" time="0.001" /><testcase classname="tests.test_oscar_modifier" name="test_bin_oscars[5-0.5]" time="0.001" /><testcase classname="tests.test_oscar_modifier" name="test_bin_oscars[6-1]" time="0.001" /><testcase classname="tests.test_oscar_modifier" name="test_bin_oscars[7-1]" time="0.001" /><testcase classname="tests.test_oscar_modifier" name="test_bin_oscars[10-1]" time="0.001" /><testcase classname="tests.test_oscar_modifier" name="test_bin_oscars[11-1.5]" time="0.001" /><testcase classname="tests.test_oscar_modifier" name="test_add_oscar_modifier_to_df_output_validation" time="0.002" /><testcase classname="tests.test_penalty" name="test_calculate_review_penalty" time="0.002" /><testcase classname="tests.test_soup_extractions" name="test_extract_ratings_empty_soup" time="0.001" /><testcase classname="tests.test_soup_extractions" name="test_extract_ratings_no_ratings" time="0.001" /><testcase classname="tests.test_soup_extractions" name="test_extract_ratings_one_rating" time="0.001" /><testcase classname="tests.test_soup_extractions" name="test_extract_ratings_multiple_ratings" time="0.001" /><testcase classname="tests.test_soup_extractions" name="test_extract_movie_titles_empty_soup" time="0.001" /><testcase classname="tests.test_soup_extractions" name="test_extract_movie_titles_no_movies" time="0.001" /><testcase classname="tests.test_soup_extractions" name="test_extract_movie_titles_one_movie" time="0.001" /><testcase classname="tests.test_soup_extractions" name="test_extract_movie_titles_multiple_movies" time="0.001" /><testcase classname="tests.test_soup_extractions" name="test_extract_movie_hrefs_empty_soup" time="0.001" /><testcase classname="tests.test_soup_extractions" name="test_extract_movie_hrefs_no_movies" time="0.001" /><testcase classname="tests.test_soup_extractions" name="test_extract_movie_hrefs_one_movie" time="0.001" /><testcase classname="tests.test_soup_extractions" name="test_extract_movie_hrefs_multiple_movies" time="0.001" /><testcase classname="tests.test_soup_extractions" name="test_extract_movie_hrefs_missing_a_tag" time="0.001" /><testcase classname="tests.test_soup_extractions" name="test_extract_movie_hrefs_multiple_missing_a_tags" time="0.001" /><testcase classname="tests.test_soup_extractions" name="test_extract_nr_of_votes_empty_soup" time="0.001" /><testcase classname="tests.test_soup_extractions" name="test_extract_nr_of_votes_no_ratings" time="0.001" /><testcase classname="tests.test_soup_extractions" name="test_extract_nr_of_votes_one_movie" time="0.001" /><testcase classname="tests.test_soup_extractions" name="test_extract_nr_of_votes_multiple_movies" time="0.002" /></testsuite></testsuites>